[debug] [2020-12-17T22:34:05.288Z] ----------------------------------------------------------------------
[debug] [2020-12-17T22:34:05.290Z] Command:       /home/jeeku/.nvm/versions/node/v12.18.3/bin/node /usr/local/bin/firebase deploy
[debug] [2020-12-17T22:34:05.290Z] CLI Version:   8.19.0
[debug] [2020-12-17T22:34:05.290Z] Platform:      linux
[debug] [2020-12-17T22:34:05.290Z] Node Version:  v12.18.3
[debug] [2020-12-17T22:34:05.290Z] Time:          Fri Dec 18 2020 04:04:05 GMT+0530 (India Standard Time)
[debug] [2020-12-17T22:34:05.291Z] ----------------------------------------------------------------------
[debug] [2020-12-17T22:34:05.291Z] 
[debug] [2020-12-17T22:34:05.296Z] > command requires scopes: ["email","openid","https://www.googleapis.com/auth/cloudplatformprojects.readonly","https://www.googleapis.com/auth/firebase","https://www.googleapis.com/auth/cloud-platform"]
[debug] [2020-12-17T22:34:05.296Z] > authorizing via signed-in user
[debug] [2020-12-17T22:34:05.297Z] [iam] checking project image-upload-and-log for permissions ["firebase.projects.get","firebasehosting.sites.update"]
[debug] [2020-12-17T22:34:05.299Z] >>> HTTP REQUEST POST https://cloudresourcemanager.googleapis.com/v1/projects/image-upload-and-log:testIamPermissions  
 {"permissions":["firebase.projects.get","firebasehosting.sites.update"]}
[debug] [2020-12-17T22:34:06.999Z] <<< HTTP RESPONSE 200 {"content-type":"application/json; charset=UTF-8","vary":"X-Origin, Referer, Origin,Accept-Encoding","date":"Thu, 17 Dec 2020 22:34:06 GMT","server":"ESF","cache-control":"private","x-xss-protection":"0","x-frame-options":"SAMEORIGIN","x-content-type-options":"nosniff","server-timing":"gfet4t7; dur=1386","alt-svc":"h3-29=\":443\"; ma=2592000,h3-T051=\":443\"; ma=2592000,h3-Q050=\":443\"; ma=2592000,h3-Q046=\":443\"; ma=2592000,h3-Q043=\":443\"; ma=2592000,quic=\":443\"; ma=2592000; v=\"46,43\"","accept-ranges":"none","transfer-encoding":"chunked"}
[debug] [2020-12-17T22:34:07.002Z] >>> HTTP REQUEST GET https://firebase.googleapis.com/v1beta1/projects/image-upload-and-log  
 
[debug] [2020-12-17T22:34:07.612Z] <<< HTTP RESPONSE 200 {"content-type":"application/json; charset=UTF-8","vary":"X-Origin, Referer, Origin,Accept-Encoding","date":"Thu, 17 Dec 2020 22:34:07 GMT","server":"ESF","cache-control":"private","x-xss-protection":"0","x-frame-options":"SAMEORIGIN","x-content-type-options":"nosniff","alt-svc":"h3-29=\":443\"; ma=2592000,h3-T051=\":443\"; ma=2592000,h3-Q050=\":443\"; ma=2592000,h3-Q046=\":443\"; ma=2592000,h3-Q043=\":443\"; ma=2592000,quic=\":443\"; ma=2592000; v=\"46,43\"","accept-ranges":"none","transfer-encoding":"chunked"}
[info] 
[info] === Deploying to 'image-upload-and-log'...
[info] 
[info] i  deploying hosting 
[debug] [2020-12-17T22:34:07.632Z] >>> HTTP REQUEST POST https://firebasehosting.googleapis.com/v1beta1/sites/image-upload-and-log/versions  
 {"config":{"rewrites":[{"glob":"**","path":"/index.html"}]},"labels":{"deployment-tool":"cli-firebase"}}
[debug] [2020-12-17T22:34:09.778Z] <<< HTTP RESPONSE 200 {"content-type":"application/json; charset=UTF-8","vary":"X-Origin, Referer, Origin,Accept-Encoding","date":"Thu, 17 Dec 2020 22:34:09 GMT","server":"ESF","cache-control":"private","x-xss-protection":"0","x-frame-options":"SAMEORIGIN","x-content-type-options":"nosniff","alt-svc":"h3-29=\":443\"; ma=2592000,h3-T051=\":443\"; ma=2592000,h3-Q050=\":443\"; ma=2592000,h3-Q046=\":443\"; ma=2592000,h3-Q043=\":443\"; ma=2592000,quic=\":443\"; ma=2592000; v=\"46,43\"","accept-ranges":"none","transfer-encoding":"chunked"}
[info] i  hosting[image-upload-and-log]: beginning deploy... 
[info] i  hosting[image-upload-and-log]: found 18 files in build 
[debug] [2020-12-17T22:34:10.681Z] > refreshing access token with scopes: []
[debug] [2020-12-17T22:34:10.681Z] >>> HTTP REQUEST POST https://www.googleapis.com/oauth2/v3/token  
 <request body omitted>
[debug] [2020-12-17T22:34:10.690Z] [hosting] hash cache [YnVpbGQ] stored for 18 files
[debug] [2020-12-17T22:34:10.690Z] [hosting][hash queue][FINAL] {"max":835,"min":26,"avg":90.33333333333333,"active":0,"complete":18,"success":18,"errored":0,"retried":0,"total":18,"elapsed":853}
[debug] [2020-12-17T22:34:10.951Z] <<< HTTP RESPONSE 200 {"date":"Thu, 17 Dec 2020 22:34:10 GMT","expires":"Mon, 01 Jan 1990 00:00:00 GMT","cache-control":"no-cache, no-store, max-age=0, must-revalidate","pragma":"no-cache","content-type":"application/json; charset=utf-8","vary":"X-Origin, Referer, Origin,Accept-Encoding","server":"scaffolding on HTTPServer2","x-xss-protection":"0","x-frame-options":"SAMEORIGIN","x-content-type-options":"nosniff","alt-svc":"h3-29=\":443\"; ma=2592000,h3-T051=\":443\"; ma=2592000,h3-Q050=\":443\"; ma=2592000,h3-Q046=\":443\"; ma=2592000,h3-Q043=\":443\"; ma=2592000,quic=\":443\"; ma=2592000; v=\"46,43\"","accept-ranges":"none","transfer-encoding":"chunked"}
[debug] [2020-12-17T22:34:11.009Z] >>> [apiv2][query] POST https://firebasehosting.googleapis.com/v1beta1/sites/image-upload-and-log/versions/b820e0c3983a2f9d:populateFiles [none]
[debug] [2020-12-17T22:34:11.010Z] >>> [apiv2][body] POST https://firebasehosting.googleapis.com/v1beta1/sites/image-upload-and-log/versions/b820e0c3983a2f9d:populateFiles {"files":{"/asset-manifest.json":"66b426bd7677c0cfae98baca39b7d12bcdd916f1a20e3f31758d473f319563ca","/index.html":"f307a2bb69f4da4abf64f2bc3d0ad9c89682a825a2178957293a0ca503353496","/static/css/main.e096b8f2.chunk.css":"db4e1039e01b093cef70a0e7a5fff6757c89035f4f5bddefbe6be3c2be2c016e","/static/css/main.e096b8f2.chunk.css.map":"ebfda6a4ef472778da34abb2d0d4377512302cb38883a34bf6a2fa980edaddda","/static/js/2.bb2f43ae.chunk.js.LICENSE.txt":"e7a12cbbcfb1a751ae001cb3102c71085491f3e0bcbe3367ce8752f82b751f8c","/static/js/3.f6bf3386.chunk.js":"9694f7b474fddf45776465d17d3e2bba0e1be66fbaa72de670de4655d07fb574","/static/js/3.f6bf3386.chunk.js.map":"e7c3c9c6bf7f631cb4a8de3fbd5d4e22f5997284ae1a4451110adee4002a7baa","/static/js/main.86e2cfab.chunk.js":"dbde8bee8642fc3f978e61375402f18f5359100f26e58f770eb3818b6555277e","/static/js/main.86e2cfab.chunk.js.map":"f713cf185cc5fbefd9b94a7f3236d6126f7d1fa04e58462841114bc6fa379d4b","/static/js/runtime-main.91eb28b1.js":"d0c729b49caf58f1f8023d32e374013ed3926083793c0db8a91d49102ac1b7e8","/static/js/runtime-main.91eb28b1.js.map":"5b9b934faaa63e0371c00a211e8b2fd7e2f9cd289c7cd68430f3cdfa90273ab2","/favicon.ico":"c599b7a91ab3627e3538125d9f40adc2d4bf949046984262670545dc7738af06","/manifest.json":"0958a5e0c831126100c8c2d06a6bbaa665a3900f21aaff4130238a6f5a113aa1","/robots.txt":"2544ca049f223a42bff01f72ad930a5edba75bbb7199d0f8430a02ff5aca16ec","/static/css/2.20aa2d7b.chunk.css":"75a2c6dab81d45ed881155a1ed15db39204d0b83aa11b1ca0ff0da6beb3689eb","/static/css/2.20aa2d7b.chunk.css.map":"bd89200a4c970231dc311de2e8cc0e7dcc4715e7e6099e4bad323e3b74ddf5e5","/static/js/2.bb2f43ae.chunk.js":"c145f6d567a81c3812bdc228226e721db7c5df6bb57ff22f8fdde23e97a11c95","/static/js/2.bb2f43ae.chunk.js.map":"fa5071e7ec113932a34ba4c7efa3ad4a8c9dd5099025e769e7b7c37341e52a4d"}}
[debug] [2020-12-17T22:34:13.054Z] <<< [apiv2][status] POST https://firebasehosting.googleapis.com/v1beta1/sites/image-upload-and-log/versions/b820e0c3983a2f9d:populateFiles 200
[debug] [2020-12-17T22:34:13.055Z] <<< [apiv2][body] POST https://firebasehosting.googleapis.com/v1beta1/sites/image-upload-and-log/versions/b820e0c3983a2f9d:populateFiles {"uploadRequiredHashes":["9694f7b474fddf45776465d17d3e2bba0e1be66fbaa72de670de4655d07fb574","fa5071e7ec113932a34ba4c7efa3ad4a8c9dd5099025e769e7b7c37341e52a4d","e7c3c9c6bf7f631cb4a8de3fbd5d4e22f5997284ae1a4451110adee4002a7baa","f713cf185cc5fbefd9b94a7f3236d6126f7d1fa04e58462841114bc6fa379d4b","c145f6d567a81c3812bdc228226e721db7c5df6bb57ff22f8fdde23e97a11c95","5b9b934faaa63e0371c00a211e8b2fd7e2f9cd289c7cd68430f3cdfa90273ab2","66b426bd7677c0cfae98baca39b7d12bcdd916f1a20e3f31758d473f319563ca","ebfda6a4ef472778da34abb2d0d4377512302cb38883a34bf6a2fa980edaddda","db4e1039e01b093cef70a0e7a5fff6757c89035f4f5bddefbe6be3c2be2c016e","f307a2bb69f4da4abf64f2bc3d0ad9c89682a825a2178957293a0ca503353496","d0c729b49caf58f1f8023d32e374013ed3926083793c0db8a91d49102ac1b7e8","dbde8bee8642fc3f978e61375402f18f5359100f26e58f770eb3818b6555277e"],"uploadUrl":"https://upload-firebasehosting.googleapis.com/upload/sites/image-upload-and-log/versions/b820e0c3983a2f9d/files"}
[debug] [2020-12-17T22:34:13.074Z] >>> [apiv2][query] POST https://upload-firebasehosting.googleapis.com/upload/sites/image-upload-and-log/versions/b820e0c3983a2f9d/files/9694f7b474fddf45776465d17d3e2bba0e1be66fbaa72de670de4655d07fb574 [none]
[debug] [2020-12-17T22:34:13.074Z] >>> [apiv2][body] POST https://upload-firebasehosting.googleapis.com/upload/sites/image-upload-and-log/versions/b820e0c3983a2f9d/files/9694f7b474fddf45776465d17d3e2bba0e1be66fbaa72de670de4655d07fb574 [stream]
[debug] [2020-12-17T22:34:13.077Z] >>> [apiv2][query] POST https://upload-firebasehosting.googleapis.com/upload/sites/image-upload-and-log/versions/b820e0c3983a2f9d/files/fa5071e7ec113932a34ba4c7efa3ad4a8c9dd5099025e769e7b7c37341e52a4d [none]
[debug] [2020-12-17T22:34:13.077Z] >>> [apiv2][body] POST https://upload-firebasehosting.googleapis.com/upload/sites/image-upload-and-log/versions/b820e0c3983a2f9d/files/fa5071e7ec113932a34ba4c7efa3ad4a8c9dd5099025e769e7b7c37341e52a4d [stream]
[debug] [2020-12-17T22:34:13.079Z] >>> [apiv2][query] POST https://upload-firebasehosting.googleapis.com/upload/sites/image-upload-and-log/versions/b820e0c3983a2f9d/files/e7c3c9c6bf7f631cb4a8de3fbd5d4e22f5997284ae1a4451110adee4002a7baa [none]
[debug] [2020-12-17T22:34:13.079Z] >>> [apiv2][body] POST https://upload-firebasehosting.googleapis.com/upload/sites/image-upload-and-log/versions/b820e0c3983a2f9d/files/e7c3c9c6bf7f631cb4a8de3fbd5d4e22f5997284ae1a4451110adee4002a7baa [stream]
[debug] [2020-12-17T22:34:13.081Z] >>> [apiv2][query] POST https://upload-firebasehosting.googleapis.com/upload/sites/image-upload-and-log/versions/b820e0c3983a2f9d/files/f713cf185cc5fbefd9b94a7f3236d6126f7d1fa04e58462841114bc6fa379d4b [none]
[debug] [2020-12-17T22:34:13.081Z] >>> [apiv2][body] POST https://upload-firebasehosting.googleapis.com/upload/sites/image-upload-and-log/versions/b820e0c3983a2f9d/files/f713cf185cc5fbefd9b94a7f3236d6126f7d1fa04e58462841114bc6fa379d4b [stream]
[debug] [2020-12-17T22:34:13.082Z] >>> [apiv2][query] POST https://upload-firebasehosting.googleapis.com/upload/sites/image-upload-and-log/versions/b820e0c3983a2f9d/files/c145f6d567a81c3812bdc228226e721db7c5df6bb57ff22f8fdde23e97a11c95 [none]
[debug] [2020-12-17T22:34:13.082Z] >>> [apiv2][body] POST https://upload-firebasehosting.googleapis.com/upload/sites/image-upload-and-log/versions/b820e0c3983a2f9d/files/c145f6d567a81c3812bdc228226e721db7c5df6bb57ff22f8fdde23e97a11c95 [stream]
[debug] [2020-12-17T22:34:13.083Z] >>> [apiv2][query] POST https://upload-firebasehosting.googleapis.com/upload/sites/image-upload-and-log/versions/b820e0c3983a2f9d/files/5b9b934faaa63e0371c00a211e8b2fd7e2f9cd289c7cd68430f3cdfa90273ab2 [none]
[debug] [2020-12-17T22:34:13.083Z] >>> [apiv2][body] POST https://upload-firebasehosting.googleapis.com/upload/sites/image-upload-and-log/versions/b820e0c3983a2f9d/files/5b9b934faaa63e0371c00a211e8b2fd7e2f9cd289c7cd68430f3cdfa90273ab2 [stream]
[debug] [2020-12-17T22:34:13.084Z] >>> [apiv2][query] POST https://upload-firebasehosting.googleapis.com/upload/sites/image-upload-and-log/versions/b820e0c3983a2f9d/files/66b426bd7677c0cfae98baca39b7d12bcdd916f1a20e3f31758d473f319563ca [none]
[debug] [2020-12-17T22:34:13.085Z] >>> [apiv2][body] POST https://upload-firebasehosting.googleapis.com/upload/sites/image-upload-and-log/versions/b820e0c3983a2f9d/files/66b426bd7677c0cfae98baca39b7d12bcdd916f1a20e3f31758d473f319563ca [stream]
[debug] [2020-12-17T22:34:13.086Z] >>> [apiv2][query] POST https://upload-firebasehosting.googleapis.com/upload/sites/image-upload-and-log/versions/b820e0c3983a2f9d/files/ebfda6a4ef472778da34abb2d0d4377512302cb38883a34bf6a2fa980edaddda [none]
[debug] [2020-12-17T22:34:13.086Z] >>> [apiv2][body] POST https://upload-firebasehosting.googleapis.com/upload/sites/image-upload-and-log/versions/b820e0c3983a2f9d/files/ebfda6a4ef472778da34abb2d0d4377512302cb38883a34bf6a2fa980edaddda [stream]
[debug] [2020-12-17T22:34:13.087Z] >>> [apiv2][query] POST https://upload-firebasehosting.googleapis.com/upload/sites/image-upload-and-log/versions/b820e0c3983a2f9d/files/db4e1039e01b093cef70a0e7a5fff6757c89035f4f5bddefbe6be3c2be2c016e [none]
[debug] [2020-12-17T22:34:13.087Z] >>> [apiv2][body] POST https://upload-firebasehosting.googleapis.com/upload/sites/image-upload-and-log/versions/b820e0c3983a2f9d/files/db4e1039e01b093cef70a0e7a5fff6757c89035f4f5bddefbe6be3c2be2c016e [stream]
[debug] [2020-12-17T22:34:13.088Z] >>> [apiv2][query] POST https://upload-firebasehosting.googleapis.com/upload/sites/image-upload-and-log/versions/b820e0c3983a2f9d/files/f307a2bb69f4da4abf64f2bc3d0ad9c89682a825a2178957293a0ca503353496 [none]
[debug] [2020-12-17T22:34:13.088Z] >>> [apiv2][body] POST https://upload-firebasehosting.googleapis.com/upload/sites/image-upload-and-log/versions/b820e0c3983a2f9d/files/f307a2bb69f4da4abf64f2bc3d0ad9c89682a825a2178957293a0ca503353496 [stream]
[debug] [2020-12-17T22:34:13.088Z] >>> [apiv2][query] POST https://upload-firebasehosting.googleapis.com/upload/sites/image-upload-and-log/versions/b820e0c3983a2f9d/files/d0c729b49caf58f1f8023d32e374013ed3926083793c0db8a91d49102ac1b7e8 [none]
[debug] [2020-12-17T22:34:13.088Z] >>> [apiv2][body] POST https://upload-firebasehosting.googleapis.com/upload/sites/image-upload-and-log/versions/b820e0c3983a2f9d/files/d0c729b49caf58f1f8023d32e374013ed3926083793c0db8a91d49102ac1b7e8 [stream]
[debug] [2020-12-17T22:34:13.089Z] >>> [apiv2][query] POST https://upload-firebasehosting.googleapis.com/upload/sites/image-upload-and-log/versions/b820e0c3983a2f9d/files/dbde8bee8642fc3f978e61375402f18f5359100f26e58f770eb3818b6555277e [none]
[debug] [2020-12-17T22:34:13.089Z] >>> [apiv2][body] POST https://upload-firebasehosting.googleapis.com/upload/sites/image-upload-and-log/versions/b820e0c3983a2f9d/files/dbde8bee8642fc3f978e61375402f18f5359100f26e58f770eb3818b6555277e [stream]
[debug] [2020-12-17T22:34:13.093Z] [hosting][populate queue][FINAL] {"max":2394,"min":2394,"avg":2394,"active":0,"complete":1,"success":1,"errored":0,"retried":0,"total":1,"elapsed":2413}
[debug] [2020-12-17T22:34:13.093Z] [hosting] uploads queued: 12
[debug] [2020-12-17T22:34:16.383Z] <<< [apiv2][status] POST https://upload-firebasehosting.googleapis.com/upload/sites/image-upload-and-log/versions/b820e0c3983a2f9d/files/5b9b934faaa63e0371c00a211e8b2fd7e2f9cd289c7cd68430f3cdfa90273ab2 200
[debug] [2020-12-17T22:34:16.384Z] <<< [apiv2][body] POST https://upload-firebasehosting.googleapis.com/upload/sites/image-upload-and-log/versions/b820e0c3983a2f9d/files/5b9b934faaa63e0371c00a211e8b2fd7e2f9cd289c7cd68430f3cdfa90273ab2 [stream]
[debug] [2020-12-17T22:34:16.408Z] <<< [apiv2][status] POST https://upload-firebasehosting.googleapis.com/upload/sites/image-upload-and-log/versions/b820e0c3983a2f9d/files/d0c729b49caf58f1f8023d32e374013ed3926083793c0db8a91d49102ac1b7e8 200
[debug] [2020-12-17T22:34:16.408Z] <<< [apiv2][body] POST https://upload-firebasehosting.googleapis.com/upload/sites/image-upload-and-log/versions/b820e0c3983a2f9d/files/d0c729b49caf58f1f8023d32e374013ed3926083793c0db8a91d49102ac1b7e8 [stream]
[debug] [2020-12-17T22:34:16.414Z] <<< [apiv2][status] POST https://upload-firebasehosting.googleapis.com/upload/sites/image-upload-and-log/versions/b820e0c3983a2f9d/files/ebfda6a4ef472778da34abb2d0d4377512302cb38883a34bf6a2fa980edaddda 200
[debug] [2020-12-17T22:34:16.415Z] <<< [apiv2][body] POST https://upload-firebasehosting.googleapis.com/upload/sites/image-upload-and-log/versions/b820e0c3983a2f9d/files/ebfda6a4ef472778da34abb2d0d4377512302cb38883a34bf6a2fa980edaddda [stream]
[debug] [2020-12-17T22:34:16.419Z] <<< [apiv2][status] POST https://upload-firebasehosting.googleapis.com/upload/sites/image-upload-and-log/versions/b820e0c3983a2f9d/files/e7c3c9c6bf7f631cb4a8de3fbd5d4e22f5997284ae1a4451110adee4002a7baa 200
[debug] [2020-12-17T22:34:16.420Z] <<< [apiv2][body] POST https://upload-firebasehosting.googleapis.com/upload/sites/image-upload-and-log/versions/b820e0c3983a2f9d/files/e7c3c9c6bf7f631cb4a8de3fbd5d4e22f5997284ae1a4451110adee4002a7baa [stream]
[debug] [2020-12-17T22:34:16.423Z] <<< [apiv2][status] POST https://upload-firebasehosting.googleapis.com/upload/sites/image-upload-and-log/versions/b820e0c3983a2f9d/files/f713cf185cc5fbefd9b94a7f3236d6126f7d1fa04e58462841114bc6fa379d4b 200
[debug] [2020-12-17T22:34:16.424Z] <<< [apiv2][body] POST https://upload-firebasehosting.googleapis.com/upload/sites/image-upload-and-log/versions/b820e0c3983a2f9d/files/f713cf185cc5fbefd9b94a7f3236d6126f7d1fa04e58462841114bc6fa379d4b [stream]
[debug] [2020-12-17T22:34:16.427Z] <<< [apiv2][status] POST https://upload-firebasehosting.googleapis.com/upload/sites/image-upload-and-log/versions/b820e0c3983a2f9d/files/66b426bd7677c0cfae98baca39b7d12bcdd916f1a20e3f31758d473f319563ca 200
[debug] [2020-12-17T22:34:16.428Z] <<< [apiv2][body] POST https://upload-firebasehosting.googleapis.com/upload/sites/image-upload-and-log/versions/b820e0c3983a2f9d/files/66b426bd7677c0cfae98baca39b7d12bcdd916f1a20e3f31758d473f319563ca [stream]
[debug] [2020-12-17T22:34:16.429Z] <<< [apiv2][status] POST https://upload-firebasehosting.googleapis.com/upload/sites/image-upload-and-log/versions/b820e0c3983a2f9d/files/dbde8bee8642fc3f978e61375402f18f5359100f26e58f770eb3818b6555277e 200
[debug] [2020-12-17T22:34:16.430Z] <<< [apiv2][body] POST https://upload-firebasehosting.googleapis.com/upload/sites/image-upload-and-log/versions/b820e0c3983a2f9d/files/dbde8bee8642fc3f978e61375402f18f5359100f26e58f770eb3818b6555277e [stream]
[debug] [2020-12-17T22:34:16.464Z] <<< [apiv2][status] POST https://upload-firebasehosting.googleapis.com/upload/sites/image-upload-and-log/versions/b820e0c3983a2f9d/files/9694f7b474fddf45776465d17d3e2bba0e1be66fbaa72de670de4655d07fb574 200
[debug] [2020-12-17T22:34:16.464Z] <<< [apiv2][body] POST https://upload-firebasehosting.googleapis.com/upload/sites/image-upload-and-log/versions/b820e0c3983a2f9d/files/9694f7b474fddf45776465d17d3e2bba0e1be66fbaa72de670de4655d07fb574 [stream]
[debug] [2020-12-17T22:34:16.480Z] <<< [apiv2][status] POST https://upload-firebasehosting.googleapis.com/upload/sites/image-upload-and-log/versions/b820e0c3983a2f9d/files/db4e1039e01b093cef70a0e7a5fff6757c89035f4f5bddefbe6be3c2be2c016e 200
[debug] [2020-12-17T22:34:16.481Z] <<< [apiv2][body] POST https://upload-firebasehosting.googleapis.com/upload/sites/image-upload-and-log/versions/b820e0c3983a2f9d/files/db4e1039e01b093cef70a0e7a5fff6757c89035f4f5bddefbe6be3c2be2c016e [stream]
[debug] [2020-12-17T22:34:16.496Z] <<< [apiv2][status] POST https://upload-firebasehosting.googleapis.com/upload/sites/image-upload-and-log/versions/b820e0c3983a2f9d/files/f307a2bb69f4da4abf64f2bc3d0ad9c89682a825a2178957293a0ca503353496 200
[debug] [2020-12-17T22:34:16.496Z] <<< [apiv2][body] POST https://upload-firebasehosting.googleapis.com/upload/sites/image-upload-and-log/versions/b820e0c3983a2f9d/files/f307a2bb69f4da4abf64f2bc3d0ad9c89682a825a2178957293a0ca503353496 [stream]
[debug] [2020-12-17T22:34:16.589Z] <<< [apiv2][status] POST https://upload-firebasehosting.googleapis.com/upload/sites/image-upload-and-log/versions/b820e0c3983a2f9d/files/c145f6d567a81c3812bdc228226e721db7c5df6bb57ff22f8fdde23e97a11c95 200
[debug] [2020-12-17T22:34:16.589Z] <<< [apiv2][body] POST https://upload-firebasehosting.googleapis.com/upload/sites/image-upload-and-log/versions/b820e0c3983a2f9d/files/c145f6d567a81c3812bdc228226e721db7c5df6bb57ff22f8fdde23e97a11c95 [stream]
[debug] [2020-12-17T22:34:20.207Z] <<< [apiv2][status] POST https://upload-firebasehosting.googleapis.com/upload/sites/image-upload-and-log/versions/b820e0c3983a2f9d/files/fa5071e7ec113932a34ba4c7efa3ad4a8c9dd5099025e769e7b7c37341e52a4d 200
[debug] [2020-12-17T22:34:20.208Z] <<< [apiv2][body] POST https://upload-firebasehosting.googleapis.com/upload/sites/image-upload-and-log/versions/b820e0c3983a2f9d/files/fa5071e7ec113932a34ba4c7efa3ad4a8c9dd5099025e769e7b7c37341e52a4d [stream]
[debug] [2020-12-17T22:34:20.208Z] [hosting][upload queue][FINAL] {"max":7147,"min":3317,"avg":3695.6666666666665,"active":0,"complete":12,"success":12,"errored":0,"retried":0,"total":12,"elapsed":7152}
[info] ✔  hosting[image-upload-and-log]: file upload complete 
[debug] [2020-12-17T22:34:20.212Z] [hosting] deploy completed after 10429ms
